<?xml version="1.0" encoding="UTF-8"?>
<!-- Generated by org.testng.reporters.JUnitReportReporter -->
<testsuite hostname="LAPTOP-HVA02F7B" failures="0" tests="4" name="com.seleniumproject.tests.Registration" time="33.716" errors="0" timestamp="2024-09-27T17:18:22 IST" skipped="0">
  <testcase classname="com.seleniumproject.tests.Registration" name="VerifyUserRegistrationWithMandatoryFields" time="9.301"/>
  <system-out/>
  <testcase classname="com.seleniumproject.tests.Registration" name="VerifyUserRegisstrationWithSubscription" time="9.348"/>
  <system-out/>
  <testcase classname="com.seleniumproject.tests.Registration" name="VerifyUserRegistrationWithAlreadyRegisteredEmail" time="8.900"/>
  <system-out/>
  <testcase classname="com.seleniumproject.tests.Registration" name="VerifyUserRegistsrationValidations" time="6.167"/>
  <system-out/>
</testsuite> <!-- com.seleniumproject.tests.Registration -->
