<?xml version="1.0" encoding="UTF-8"?>
<!-- Generated by org.testng.reporters.JUnitReportReporter -->
<testsuite hostname="LAPTOP-HVA02F7B" failures="0" tests="4" name="com.seleniumproject.tests.Register" time="46.346" errors="0" timestamp="2024-10-16T18:28:10 IST" skipped="0">
  <testcase classname="com.seleniumproject.tests.Register" name="VerifyUserRegistrationWithMandatoryFields" time="12.109"/>
  <system-out/>
  <testcase classname="com.seleniumproject.tests.Register" name="VerifyUserRegisstrationWithSubscription" time="13.271"/>
  <system-out/>
  <testcase classname="com.seleniumproject.tests.Register" name="VerifyUserRegistrationWithAlreadyRegisteredEmail" time="11.600"/>
  <system-out/>
  <testcase classname="com.seleniumproject.tests.Register" name="VerifyUserRegistsrationValidations" time="9.366"/>
  <system-out/>
</testsuite> <!-- com.seleniumproject.tests.Register -->
