<?xml version="1.0" encoding="UTF-8"?>
<!-- Generated by org.testng.reporters.JUnitReportReporter -->
<testsuite hostname="LAPTOP-HVA02F7B" failures="0" tests="5" name="com.seleniumproject.tests.Login1" time="62.072" errors="0" timestamp="2024-10-18T17:16:19 IST" skipped="0">
  <testcase classname="com.seleniumproject.tests.Login1" name="verifyLoginWithValidCredentials" time="10.639"/>
  <system-out/>
  <testcase classname="com.seleniumproject.tests.Login1" name="VerifyLoginWithValidEmailInvalidPassword" time="12.117"/>
  <system-out/>
  <testcase classname="com.seleniumproject.tests.Login1" name="VerifyLoginWithInValidEmaiValidPassword" time="10.215"/>
  <system-out/>
  <testcase classname="com.seleniumproject.tests.Login1" name="VerifyLoginWithInValidEmaiInValidPassword" time="14.385"/>
  <system-out/>
  <testcase classname="com.seleniumproject.tests.Login1" name="VerifyLoginWithBlankEmailAndPassword" time="14.716"/>
  <system-out/>
</testsuite> <!-- com.seleniumproject.tests.Login1 -->
