<?xml version="1.0" encoding="UTF-8"?>
<!-- Generated by org.testng.reporters.JUnitReportReporter -->
<testsuite hostname="LAPTOP-HVA02F7B" failures="0" tests="1" name="com.seleniumproject.tests.Search" time="7.133" errors="0" timestamp="2024-10-16T18:39:54 IST" skipped="0">
  <testcase classname="com.seleniumproject.tests.Search" name="verifySearchWithInvalidProduct" time="7.133"/>
  <system-out/>
</testsuite> <!-- com.seleniumproject.tests.Search -->
